C51 COMPILER V8.08   TEJATOG                                                               01/14/2015 11:14:01 PAGE 1   


C51 COMPILER V8.08, COMPILATION OF MODULE TEJATOG
OBJECT MODULE PLACED IN tejatog.OBJ
COMPILER INVOKED BY: C:\Keil\C51\BIN\C51.EXE tejatog.c BROWSE DEBUG OBJECTEXTEND

line level    source

   1           #include <reg51.h>
   2           void main(void)
   3           {
   4   1        P1=0;
   5   1        P2=0;
   6   1        for(;;)
   7   1        {
   8   2        P1++;
   9   2        P2++;
  10   2         }
  11   1         }


MODULE INFORMATION:   STATIC OVERLAYABLE
   CODE SIZE        =     11    ----
   CONSTANT SIZE    =   ----    ----
   XDATA SIZE       =   ----    ----
   PDATA SIZE       =   ----    ----
   DATA SIZE        =   ----    ----
   IDATA SIZE       =   ----    ----
   BIT SIZE         =   ----    ----
END OF MODULE INFORMATION.


C51 COMPILATION COMPLETE.  0 WARNING(S),  0 ERROR(S)
